mode: set
db-worker/internal/service/builder/builder.go:10.28,12.2 1 1
db-worker/internal/service/builder/builder.go:16.28,18.2 1 1
db-worker/internal/service/builder/builder.go:22.29,24.2 1 1
db-worker/internal/service/builder/postgres.go:26.80,30.2 2 1
db-worker/internal/service/builder/postgres.go:33.59,36.22 2 1
db-worker/internal/service/builder/postgres.go:36.22,38.3 1 1
db-worker/internal/service/builder/postgres.go:40.2,40.10 1 1
db-worker/internal/service/builder/postgres.go:43.67,46.22 2 1
db-worker/internal/service/builder/postgres.go:46.22,48.3 1 1
db-worker/internal/service/builder/postgres.go:50.2,50.10 1 1
db-worker/internal/service/builder/postgres.go:53.57,62.2 2 1
db-worker/internal/service/builder/postgres.go:64.66,77.2 2 1
db-worker/internal/service/builder/postgres.go:79.61,80.22 1 1
db-worker/internal/service/builder/postgres.go:80.22,82.3 1 1
db-worker/internal/service/builder/postgres.go:84.2,84.26 1 1
db-worker/internal/service/builder/postgres.go:99.57,101.2 1 1
db-worker/internal/service/builder/postgres.go:103.65,105.2 1 1
db-worker/internal/service/builder/postgres.go:107.67,108.19 1 1
db-worker/internal/service/builder/postgres.go:108.19,110.3 1 1
db-worker/internal/service/builder/postgres.go:112.2,112.19 1 1
db-worker/internal/service/builder/postgres.go:112.19,114.3 1 1
db-worker/internal/service/builder/postgres.go:116.2,132.8 8 1
db-worker/internal/service/builder/postgres.go:135.64,139.32 3 1
db-worker/internal/service/builder/postgres.go:139.32,142.3 2 1
db-worker/internal/service/builder/postgres.go:144.2,144.19 1 1
db-worker/internal/service/builder/postgres.go:155.57,157.2 1 1
db-worker/internal/service/builder/postgres.go:159.65,161.2 1 1
db-worker/internal/service/builder/postgres.go:163.67,164.19 1 1
db-worker/internal/service/builder/postgres.go:164.19,166.3 1 1
db-worker/internal/service/builder/postgres.go:168.2,168.19 1 1
db-worker/internal/service/builder/postgres.go:168.19,170.3 1 1
db-worker/internal/service/builder/postgres.go:172.2,175.16 3 1
db-worker/internal/service/builder/postgres.go:175.16,177.3 1 0
db-worker/internal/service/builder/postgres.go:179.2,182.8 1 1
db-worker/internal/service/builder/postgres.go:195.38,197.2 1 1
db-worker/internal/service/builder/postgres.go:199.73,203.2 2 1
db-worker/internal/service/builder/postgres.go:205.102,209.2 2 1
db-worker/internal/service/builder/postgres.go:211.105,215.2 2 1
db-worker/internal/service/builder/postgres.go:217.62,221.2 2 1
db-worker/internal/service/builder/postgres.go:223.70,227.2 2 1
db-worker/internal/service/builder/postgres.go:229.50,230.19 1 1
db-worker/internal/service/builder/postgres.go:230.19,232.3 1 1
db-worker/internal/service/builder/postgres.go:234.2,234.19 1 1
db-worker/internal/service/builder/postgres.go:234.19,236.3 1 1
db-worker/internal/service/builder/postgres.go:238.2,238.29 1 1
db-worker/internal/service/builder/postgres.go:238.29,240.3 1 1
db-worker/internal/service/builder/postgres.go:242.2,247.12 5 1
db-worker/internal/service/builder/postgres.go:250.49,252.38 2 1
db-worker/internal/service/builder/postgres.go:252.38,254.19 2 1
db-worker/internal/service/builder/postgres.go:254.19,256.4 1 0
db-worker/internal/service/builder/postgres.go:258.3,258.62 1 1
db-worker/internal/service/builder/postgres.go:261.2,261.26 1 1
db-worker/internal/service/builder/postgres.go:261.26,263.3 1 1
db-worker/internal/service/builder/postgres.go:265.2,265.31 1 1
db-worker/internal/service/builder/postgres.go:265.31,267.3 1 1
db-worker/internal/service/builder/postgres.go:269.2,269.12 1 1
db-worker/internal/service/builder/postgres.go:272.55,273.46 1 1
db-worker/internal/service/builder/postgres.go:273.46,275.3 1 1
db-worker/internal/service/builder/postgres.go:278.2,278.45 1 1
db-worker/internal/service/builder/postgres.go:278.45,280.3 1 1
db-worker/internal/service/builder/postgres.go:282.2,282.39 1 1
db-worker/internal/service/builder/postgres.go:282.39,284.3 1 0
db-worker/internal/service/builder/postgres.go:286.2,288.23 2 1
db-worker/internal/service/builder/postgres.go:291.43,292.23 1 1
db-worker/internal/service/builder/postgres.go:292.23,294.3 1 1
db-worker/internal/service/builder/postgres.go:296.2,297.28 2 1
db-worker/internal/service/builder/postgres.go:297.28,299.17 2 1
db-worker/internal/service/builder/postgres.go:299.17,301.4 1 1
db-worker/internal/service/builder/postgres.go:303.3,303.17 1 1
db-worker/internal/service/builder/postgres.go:303.17,305.4 1 1
db-worker/internal/service/builder/postgres.go:308.2,308.25 1 1
db-worker/internal/service/builder/postgres.go:309.9,310.13 1 0
db-worker/internal/service/builder/postgres.go:311.9,313.13 2 1
db-worker/internal/service/builder/postgres.go:314.10,316.13 2 1
db-worker/internal/service/builder/postgres.go:320.74,322.29 2 1
db-worker/internal/service/builder/postgres.go:322.29,324.17 2 1
db-worker/internal/service/builder/postgres.go:324.17,326.4 1 1
db-worker/internal/service/builder/postgres.go:328.3,328.30 1 1
db-worker/internal/service/builder/postgres.go:331.2,331.33 1 1
db-worker/internal/service/builder/postgres.go:331.33,333.17 2 1
db-worker/internal/service/builder/postgres.go:333.17,335.4 1 0
db-worker/internal/service/builder/postgres.go:337.3,337.17 1 1
db-worker/internal/service/builder/postgres.go:337.17,339.4 1 1
db-worker/internal/service/builder/postgres.go:342.2,342.21 1 1
db-worker/internal/service/builder/postgres.go:342.21,344.3 1 1
db-worker/internal/service/builder/postgres.go:346.2,346.16 1 1
db-worker/internal/service/builder/postgres.go:347.29,348.32 1 1
db-worker/internal/service/builder/postgres.go:349.30,350.43 1 1
db-worker/internal/service/builder/postgres.go:351.10,352.22 1 1
db-worker/internal/service/builder/postgres.go:352.22,354.4 1 1
db-worker/internal/service/builder/postgres.go:356.3,356.33 1 1
db-worker/internal/service/builder/postgres.go:360.84,363.18 2 1
db-worker/internal/service/builder/postgres.go:363.18,365.10 2 1
db-worker/internal/service/builder/postgres.go:365.10,367.4 1 1
db-worker/internal/service/builder/postgres.go:369.3,369.12 1 1
db-worker/internal/service/builder/postgres.go:372.2,372.24 1 1
db-worker/internal/service/builder/postgres.go:373.31,374.44 1 1
db-worker/internal/service/builder/postgres.go:375.34,376.47 1 1
db-worker/internal/service/builder/postgres.go:377.37,378.50 1 1
db-worker/internal/service/builder/postgres.go:379.44,380.55 1 1
db-worker/internal/service/builder/postgres.go:381.34,382.47 1 1
db-worker/internal/service/builder/postgres.go:383.41,384.52 1 1
db-worker/internal/service/builder/postgres.go:385.10,386.64 1 1
